<?xml version="1.0" encoding="UTF-8"?>
<testsuite name="ticketservice.dao.ReservationDaoTest" tests="1" skipped="0" failures="0" errors="0" timestamp="2018-11-07T05:36:44" hostname="sanjeewathilake.lan" time="0.005">
  <properties/>
  <testcase name="testTotalReservationBatch" classname="ticketservice.dao.ReservationDaoTest" time="0.005"/>
  <system-out><![CDATA[]]></system-out>
  <system-err><![CDATA[]]></system-err>
</testsuite>
