<?xml version="1.0" encoding="UTF-8"?>
<testsuite name="ticketservice.TicketServiceTest" tests="3" skipped="0" failures="0" errors="0" timestamp="2018-11-07T02:51:00" hostname="sanjeewathilake.lan" time="0.019">
  <properties/>
  <testcase name="testExpireReservationsActiveWillNotReturnAsAvailable" classname="ticketservice.TicketServiceTest" time="0.018"/>
  <testcase name="testExpireReservationsRemoved" classname="ticketservice.TicketServiceTest" time="0.0"/>
  <testcase name="testExpireReservationsException" classname="ticketservice.TicketServiceTest" time="0.0"/>
  <system-out><![CDATA[]]></system-out>
  <system-err><![CDATA[]]></system-err>
</testsuite>
