<?xml version="1.0" encoding="UTF-8"?>
<testsuite name="ticketservice.dao.PerformancesVenueDaoTest" tests="5" skipped="0" failures="0" errors="0" timestamp="2018-11-07T02:15:45" hostname="sanjeewathilake.lan" time="0.006">
  <properties/>
  <testcase name="testFindNullVenue" classname="ticketservice.dao.PerformancesVenueDaoTest" time="0.0"/>
  <testcase name="testCreateDefaultVenue" classname="ticketservice.dao.PerformancesVenueDaoTest" time="0.001"/>
  <testcase name="testSaveVenue" classname="ticketservice.dao.PerformancesVenueDaoTest" time="0.0"/>
  <testcase name="testFindInValidVenue" classname="ticketservice.dao.PerformancesVenueDaoTest" time="0.003"/>
  <testcase name="testFindValidVenue" classname="ticketservice.dao.PerformancesVenueDaoTest" time="0.0"/>
  <system-out><![CDATA[]]></system-out>
  <system-err><![CDATA[]]></system-err>
</testsuite>
