<?xml version="1.0" encoding="UTF-8"?>
<testsuite name="ticketservice.dao.SeatDaoTest" tests="5" skipped="0" failures="0" errors="0" timestamp="2018-11-07T02:51:00" hostname="sanjeewathilake.lan" time="0.001">
  <properties/>
  <testcase name="testFindInValidSeat" classname="ticketservice.dao.SeatDaoTest" time="0.001"/>
  <testcase name="testSeatOneIsForRowOneLocationOne" classname="ticketservice.dao.SeatDaoTest" time="0.0"/>
  <testcase name="testSecondRowFirstSeatIsLocation1" classname="ticketservice.dao.SeatDaoTest" time="0.0"/>
  <testcase name="testFindValidSeat" classname="ticketservice.dao.SeatDaoTest" time="0.0"/>
  <testcase name="testTotalSeatCreatedIs6" classname="ticketservice.dao.SeatDaoTest" time="0.0"/>
  <system-out><![CDATA[]]></system-out>
  <system-err><![CDATA[]]></system-err>
</testsuite>
